============================================================
  Generated by:           Genus(TM) Synthesis Solution 21.14-s082_1
  Generated on:           Apr 13 2026  10:30:46 pm
  Module:                 CLA32
  Operating conditions:   slow (balanced_tree)
  Wireload mode:          enclosed
  Area mode:              timing library
============================================================


Path 1: MET (4 ps) Late External Delay Assertion at pin sum[26]
          Group: clk
     Startpoint: (R) B[11]
          Clock: (R) clk
       Endpoint: (R) sum[26]
          Clock: (R) clk

                     Capture       Launch     
        Clock Edge:+    2000            0     
        Drv Adjust:+       0           21     
       Src Latency:+       0            0     
       Net Latency:+       0 (I)        0 (I) 
           Arrival:=    2000           21     
                                              
      Output Delay:-     200                  
     Required Time:=    1800                  
      Launch Clock:-      21                  
       Input Delay:-     200                  
         Data Path:-    1576                  
             Slack:=       4                  

Exceptions/Constraints:
  input_delay              200             in_del_52_1 
  output_delay             200             ou_del_68_1 

#---------------------------------------------------------------------------------------
# Timing Point   Flags   Arc   Edge   Cell     Fanout Load Trans Delay Arrival Instance 
#                                                     (fF)  (ps)  (ps)   (ps)  Location 
#---------------------------------------------------------------------------------------
  B[11]          -       -     R     (arrival)      2  3.4    38     0     221    (-,-) 
  g8194__7098/Y  -       A->Y  R     OR2X1          2  4.3    54   104     325    (-,-) 
  g8158__1705/Y  -       A->Y  F     NAND2X1        4  7.6   128   108     432    (-,-) 
  g8150__1881/Y  -       A->Y  R     NOR2XL         2  5.4   184   172     605    (-,-) 
  g8055__8428/Y  -       A1->Y F     AOI21X1        2  4.3   121   120     725    (-,-) 
  g8027__2398/Y  -       A1->Y R     OAI21X1        2  4.3   120   122     848    (-,-) 
  g8005__5526/Y  -       A0->Y F     OAI21X1        1  2.7    80    90     938    (-,-) 
  g8003__2398/Y  -       B0->Y R     OAI2BB1X1      1  5.3    77    75    1014    (-,-) 
  g7997__9315/Y  -       B0->Y F     AOI21X2        4 14.4   137    69    1082    (-,-) 
  g7977__5122/Y  -       A1->Y R     OAI21X1        3  7.1   162   157    1240    (-,-) 
  g7959__1666/Y  -       D->Y  F     NAND4XL        1  1.7   169   150    1390    (-,-) 
  g7941__5122/Y  -       B->Y  R     NAND2XL        1  3.7    97   108    1497    (-,-) 
  g7925__9315/Y  -       S0->Y R     MXI2XL         1 10.0   336   299    1796    (-,-) 
  sum[26]        <<<     -     R     (port)         -    -     -     0    1796    (-,-) 
#---------------------------------------------------------------------------------------

