============================================================
  Generated by:           Genus(TM) Synthesis Solution 21.14-s082_1
  Generated on:           Apr 13 2026  09:55:47 pm
  Module:                 KS32
  Operating conditions:   slow (balanced_tree)
  Wireload mode:          enclosed
  Area mode:              timing library
============================================================


Path 1: MET (2 ps) Late External Delay Assertion at pin sum[31]
          Group: clk
     Startpoint: (R) cin
          Clock: (R) clk
       Endpoint: (R) sum[31]
          Clock: (R) clk

                     Capture       Launch     
        Clock Edge:+    2000            0     
        Drv Adjust:+       0           48     
       Src Latency:+       0            0     
       Net Latency:+       0 (I)        0 (I) 
           Arrival:=    2000           48     
                                              
      Output Delay:-     200                  
     Required Time:=    1800                  
      Launch Clock:-      48                  
       Input Delay:-     200                  
         Data Path:-    1551                  
             Slack:=       2                  

Exceptions/Constraints:
  input_delay              200             in_del_64_1 
  output_delay             200             ou_del      

#---------------------------------------------------------------------------------------
# Timing Point   Flags   Arc   Edge   Cell     Fanout Load Trans Delay Arrival Instance 
#                                                     (fF)  (ps)  (ps)   (ps)  Location 
#---------------------------------------------------------------------------------------
  cin            -       -     R     (arrival)      3  8.1    77     0     248    (-,-) 
  g6583__3680/Y  -       A1->Y F     AOI21X1        2  3.4    88    87     335    (-,-) 
  g6577__6260/Y  -       B->Y  R     NOR2XL         1  2.8   111   108     443    (-,-) 
  g6571__7410/Y  -       B->Y  F     NOR2BX1        3  7.2    75    76     519    (-,-) 
  g6560__6131/Y  -       B->Y  R     NOR2X1         1  2.8    75    78     597    (-,-) 
  g6556__5122/Y  -       B->Y  F     NOR2BX1        2  4.4    56    54     651    (-,-) 
  g6536__9945/Y  -       A1->Y R     OAI21X1        2  5.5   131   117     768    (-,-) 
  g6515__6260/Y  -       A1->Y F     AOI21X1        2  4.4   110   110     878    (-,-) 
  g6494__1705/Y  -       A1->Y R     OAI21X1        2  5.5   135   132    1010    (-,-) 
  g6482__2398/Y  -       B->Y  F     NAND2BX1       2  5.5   110   107    1117    (-,-) 
  g6473__9315/Y  -       B->Y  R     NAND2X1        3 10.1   114   110    1227    (-,-) 
  g6461__1705/Y  -       B->Y  F     NAND2BX1       2  5.5   106   102    1329    (-,-) 
  g6449__6260/Y  -       B->Y  R     NAND2X1        2  8.9   129   101    1430    (-,-) 
  g6444/Y        -       A->Y  F     CLKINVX2       3  7.2    57    53    1482    (-,-) 
  g6442__7410/Y  -       B->Y  R     NOR2X1         1  5.1   146    98    1580    (-,-) 
  g6416__2398/Y  -       S0->Y R     MXI2X1         1 10.0   203   219    1798    (-,-) 
  sum[31]        <<<     -     R     (port)         -    -     -     0    1798    (-,-) 
#---------------------------------------------------------------------------------------

