============================================================
  Generated by:           Genus(TM) Synthesis Solution 21.14-s082_1
  Generated on:           Apr 13 2026  09:55:47 pm
  Module:                 KS32
  Operating conditions:   slow (balanced_tree)
  Wireload mode:          enclosed
  Area mode:              timing library
============================================================

Timing
--------

Clock Period 
-------------
clk   2000.0 


  Cost    Critical         Violating 
 Group   Path Slack  TNS     Paths   
-------------------------------------
clk             1.6   0.0          0 
default    No paths   0.0            
-------------------------------------
Total                 0.0          0 

Instance Count
--------------
Leaf Instance Count             253 
Physical Instance count           0 
Sequential Instance Count         0 
Combinational Instance Count    253 
Hierarchical Instance Count      32 

Area
----
Cell Area                          1151.245
Physical Cell Area                 0.000
Total Cell Area (Cell+Physical)    1151.245
Net Area                           0.000
Total Area (Cell+Physical+Net)     1151.245

Max Fanout                         6 (P[23])
Min Fanout                         1 (cout)
Average Fanout                     1.9
Terms to net ratio                 2.3168
Terms to instance ratio            3.4980
Runtime                            11.911819000000003 seconds
Elapsed Runtime                    83 seconds
Genus peak memory usage            1475.71 
Innovus peak memory usage          no_value 
Hostname                           localhost
