============================================================
  Generated by:           Genus(TM) Synthesis Solution 21.14-s082_1
  Generated on:           Apr 13 2026  09:58:25 pm
  Module:                 RCA32
  Operating conditions:   slow (balanced_tree)
  Wireload mode:          enclosed
  Area mode:              timing library
============================================================

     Instance         Module     Cell Count  Cell Area  Net Area   Total Area   Wireload  
------------------------------------------------------------------------------------------
RCA32                                   274   1765.848     0.000     1765.848 <none> (D)  
  FA_CHAIN[0].fa  full_adder              9     62.823     0.000       62.823 <none> (D)  
  FA_CHAIN[1].fa  full_adder_62           9     55.254     0.000       55.254 <none> (D)  
  FA_CHAIN[2].fa  full_adder_61           8     52.983     0.000       52.983 <none> (D)  
  FA_CHAIN[3].fa  full_adder_60          12     62.066     0.000       62.066 <none> (D)  
  FA_CHAIN[4].fa  full_adder_59           9     54.497     0.000       54.497 <none> (D)  
  FA_CHAIN[5].fa  full_adder_58          12     65.850     0.000       65.850 <none> (D)  
  FA_CHAIN[6].fa  full_adder_57           8     55.254     0.000       55.254 <none> (D)  
  FA_CHAIN[7].fa  full_adder_56           8     63.580     0.000       63.580 <none> (D)  
  FA_CHAIN[8].fa  full_adder_55           8     53.740     0.000       53.740 <none> (D)  
  FA_CHAIN[9].fa  full_adder_54           8     60.552     0.000       60.552 <none> (D)  
  FA_CHAIN[10].fa full_adder_53           9     54.497     0.000       54.497 <none> (D)  
  FA_CHAIN[11].fa full_adder_52           8     53.740     0.000       53.740 <none> (D)  
  FA_CHAIN[12].fa full_adder_51           8     60.552     0.000       60.552 <none> (D)  
  FA_CHAIN[13].fa full_adder_50           9     54.497     0.000       54.497 <none> (D)  
  FA_CHAIN[14].fa full_adder_49           8     53.740     0.000       53.740 <none> (D)  
  FA_CHAIN[15].fa full_adder_48          10     51.469     0.000       51.469 <none> (D)  
  FA_CHAIN[16].fa full_adder_47           8     52.983     0.000       52.983 <none> (D)  
  FA_CHAIN[17].fa full_adder_46          11     59.795     0.000       59.795 <none> (D)  
  FA_CHAIN[18].fa full_adder_45           8     68.878     0.000       68.878 <none> (D)  
  FA_CHAIN[19].fa full_adder_44           8     71.906     0.000       71.906 <none> (D)  
  FA_CHAIN[20].fa full_adder_43           8     56.011     0.000       56.011 <none> (D)  
  FA_CHAIN[21].fa full_adder_42          10     56.011     0.000       56.011 <none> (D)  
  FA_CHAIN[22].fa full_adder_41           8     57.524     0.000       57.524 <none> (D)  
  FA_CHAIN[23].fa full_adder_40           7     57.524     0.000       57.524 <none> (D)  
  FA_CHAIN[24].fa full_adder_39          10     55.254     0.000       55.254 <none> (D)  
  FA_CHAIN[25].fa full_adder_38           6     43.143     0.000       43.143 <none> (D)  
  FA_CHAIN[26].fa full_adder_37           6     43.143     0.000       43.143 <none> (D)  
  FA_CHAIN[27].fa full_adder_36           8     43.143     0.000       43.143 <none> (D)  
  FA_CHAIN[28].fa full_adder_35           9     44.657     0.000       44.657 <none> (D)  
  FA_CHAIN[29].fa full_adder_34           8     43.900     0.000       43.900 <none> (D)  
  FA_CHAIN[30].fa full_adder_33           8     56.767     0.000       56.767 <none> (D)  
  FA_CHAIN[31].fa full_adder_32           8     40.116     0.000       40.116 <none> (D)  
  (D) = wireload is default in technology library
