============================================================
  Generated by:           Genus(TM) Synthesis Solution 21.14-s082_1
  Generated on:           Apr 17 2026  08:18:17 pm
  Module:                 CLA64
  Operating conditions:   slow (balanced_tree)
  Wireload mode:          enclosed
  Area mode:              timing library
============================================================

Timing
--------

Clock Period 
-------------
clk   2000.0 


  Cost    Critical         Violating 
 Group   Path Slack  TNS     Paths   
-------------------------------------
clk             0.0   0.0          0 
default    No paths   0.0            
-------------------------------------
Total                 0.0          0 

Instance Count
--------------
Leaf Instance Count             669 
Physical Instance count           0 
Sequential Instance Count         0 
Combinational Instance Count    669 
Hierarchical Instance Count      84 

Area
----
Cell Area                          3702.755
Physical Cell Area                 0.000
Total Cell Area (Cell+Physical)    3702.755
Net Area                           0.000
Total Area (Cell+Physical+Net)     3702.755

Max Fanout                         8 (blk0/grp1/ini2/p)
Min Fanout                         1 (GG16[2])
Average Fanout                     1.8
Terms to net ratio                 2.5400
Terms to instance ratio            3.1286
Runtime                            15.597469000000002 seconds
Elapsed Runtime                    78 seconds
Genus peak memory usage            1421.90 
Innovus peak memory usage          no_value 
Hostname                           localhost
