============================================================
  Generated by:           Genus(TM) Synthesis Solution 21.14-s082_1
  Generated on:           Apr 17 2026  07:29:09 pm
  Module:                 KS64
  Operating conditions:   slow (balanced_tree)
  Wireload mode:          enclosed
  Area mode:              timing library
============================================================


Path 1: MET (1 ps) Late External Delay Assertion at pin sum[45]
          Group: clk
     Startpoint: (R) cin
          Clock: (R) clk
       Endpoint: (F) sum[45]
          Clock: (R) clk

                     Capture       Launch     
        Clock Edge:+    2000            0     
        Drv Adjust:+       0           32     
       Src Latency:+       0            0     
       Net Latency:+       0 (I)        0 (I) 
           Arrival:=    2000           32     
                                              
      Output Delay:-     200                  
     Required Time:=    1800                  
      Launch Clock:-      32                  
       Input Delay:-     200                  
         Data Path:-    1567                  
             Slack:=       1                  

Exceptions/Constraints:
  input_delay              200             in_del_128_1 
  output_delay             200             ou_del_145_1 

#---------------------------------------------------------------------------------------
# Timing Point   Flags   Arc   Edge   Cell     Fanout Load Trans Delay Arrival Instance 
#                                                     (fF)  (ps)  (ps)   (ps)  Location 
#---------------------------------------------------------------------------------------
  cin            -       -     R     (arrival)      2  5.4    55     0     232    (-,-) 
  g21368__5107/Y -       A->Y  F     NAND2X1        1  2.8    79    65     297    (-,-) 
  g21334__5107/Y -       B->Y  R     NAND2X1        2  5.5    81    73     370    (-,-) 
  g21324/Y       -       A->Y  F     CLKINVX1       2  4.5    50    54     424    (-,-) 
  g21323/Y       -       A->Y  R     INVX1          1  5.3    55    59     483    (-,-) 
  g21235__7410/Y -       A1->Y F     AOI21X2        3 11.7   116   102     585    (-,-) 
  g21145__6417/Y -       A1->Y R     OAI21X2        4 11.6   139   136     721    (-,-) 
  g21107__6161/Y -       C->Y  F     NAND3BX2       1  5.4   113   106     827    (-,-) 
  g21106__4733/Y -       B->Y  R     NAND2BX2       4 11.1    82    82     910    (-,-) 
  g21087__4319/Y -       B->Y  F     NAND2X1        2  5.4    96    92    1002    (-,-) 
  g21073__6161/Y -       B->Y  F     AND2X1         2  5.5    61   127    1129    (-,-) 
  g21051__2398/Y -       B->Y  R     NOR2X1         2  6.3   140   112    1241    (-,-) 
  g21036__5115/Y -       B->Y  F     NOR2BX1        2  5.5    74    72    1314    (-,-) 
  g21029/Y       -       A->Y  R     INVX1          2  7.3    74    78    1391    (-,-) 
  g3/Y           -       S0->Y R     MXI2XL         1  1.8   107   138    1530    (-,-) 
  g2/Y           -       A->Y  F     XNOR2X1        1 10.0   108   269    1799    (-,-) 
  sum[45]        <<<     -     F     (port)         -    -     -     0    1799    (-,-) 
#---------------------------------------------------------------------------------------

