============================================================
  Generated by:           Genus(TM) Synthesis Solution 21.14-s082_1
  Generated on:           Apr 17 2026  07:29:09 pm
  Module:                 KS64
  Operating conditions:   slow (balanced_tree)
  Wireload mode:          enclosed
  Area mode:              timing library
============================================================

Timing
--------

Clock Period 
-------------
clk   2000.0 


  Cost    Critical         Violating 
 Group   Path Slack  TNS     Paths   
-------------------------------------
clk             1.1   0.0          0 
default    No paths   0.0            
-------------------------------------
Total                 0.0          0 

Instance Count
--------------
Leaf Instance Count             681 
Physical Instance count           0 
Sequential Instance Count         0 
Combinational Instance Count    681 
Hierarchical Instance Count      64 

Area
----
Cell Area                          3089.666
Physical Cell Area                 0.000
Total Cell Area (Cell+Physical)    3089.666
Net Area                           0.000
Total Area (Cell+Physical+Net)     3089.666

Max Fanout                         9 (n_52)
Min Fanout                         1 (cout)
Average Fanout                     2.0
Terms to net ratio                 2.5458
Terms to instance ratio            3.5066
Runtime                            18.803706 seconds
Elapsed Runtime                    62 seconds
Genus peak memory usage            1532.30 
Innovus peak memory usage          no_value 
Hostname                           localhost
