============================================================
  Generated by:           Genus(TM) Synthesis Solution 21.14-s082_1
  Generated on:           Apr 17 2026  07:31:40 pm
  Module:                 RCA64
  Operating conditions:   slow (balanced_tree)
  Wireload mode:          enclosed
  Area mode:              timing library
============================================================

Timing
--------

Clock Period 
-------------
clk   2000.0 


  Cost    Critical               Violating 
 Group   Path Slack     TNS        Paths   
-------------------------------------------
clk         -5962.7   -182005.9         57 
default    No paths         0.0            
-------------------------------------------
Total                 -182005.9         57 

Instance Count
--------------
Leaf Instance Count             584 
Physical Instance count           0 
Sequential Instance Count         0 
Combinational Instance Count    584 
Hierarchical Instance Count      64 

Area
----
Cell Area                          3415.890
Physical Cell Area                 0.000
Total Cell Area (Cell+Physical)    3415.890
Net Area                           0.000
Total Area (Cell+Physical+Net)     3415.890

Max Fanout                         4 (B[60])
Min Fanout                         1 (cout)
Average Fanout                     1.6
Terms to net ratio                 2.3576
Terms to instance ratio            2.8784
Runtime                            85.727962 seconds
Elapsed Runtime                    129 seconds
Genus peak memory usage            1426.91 
Innovus peak memory usage          no_value 
Hostname                           localhost
