============================================================
  Generated by:           Genus(TM) Synthesis Solution 21.14-s082_1
  Generated on:           Apr 17 2026  07:31:40 pm
  Module:                 RCA64
  Operating conditions:   slow (balanced_tree)
  Wireload mode:          enclosed
  Area mode:              timing library
============================================================


Path 1: VIOLATED (-5963 ps) Late External Delay Assertion at pin sum[63]
          Group: clk
     Startpoint: (F) A[0]
          Clock: (R) clk
       Endpoint: (F) sum[63]
          Clock: (R) clk

                     Capture       Launch     
        Clock Edge:+    2000            0     
        Drv Adjust:+       0           47     
       Src Latency:+       0            0     
       Net Latency:+       0 (I)        0 (I) 
           Arrival:=    2000           47     
                                              
      Output Delay:-     200                  
     Required Time:=    1800                  
      Launch Clock:-      47                  
       Input Delay:-     200                  
         Data Path:-    7516                  
             Slack:=   -5963                  

Exceptions/Constraints:
  input_delay              200             in_del_63_1 
  output_delay             200             ou_del      

#------------------------------------------------------------------------------------------------
#      Timing Point       Flags   Arc   Edge   Cell     Fanout Load Trans Delay Arrival Instance 
#                                                              (fF)  (ps)  (ps)   (ps)  Location 
#------------------------------------------------------------------------------------------------
  A[0]                    -       -     F     (arrival)      3  9.9    74     0     247    (-,-) 
  FA_CHAIN[0].fa/g77/Y    -       A->Y  R     NOR2X2         1  5.3    71    81     329    (-,-) 
  FA_CHAIN[0].fa/g74/Y    -       A1->Y F     OAI21X2        2  6.9    81    79     407    (-,-) 
  FA_CHAIN[1].fa/g25/Y    -       B->Y  R     NAND2X2        1  5.3    52    55     462    (-,-) 
  FA_CHAIN[1].fa/g24/Y    -       B->Y  F     NAND2X2        2  7.0    75    67     529    (-,-) 
  FA_CHAIN[2].fa/g38/Y    -       B->Y  R     NOR2X2         1  5.4    72    75     604    (-,-) 
  FA_CHAIN[2].fa/g37/Y    -       B->Y  F     NOR2X2         2  7.0    47    48     652    (-,-) 
  FA_CHAIN[3].fa/g34/Y    -       B->Y  R     NOR2X2         1  5.4    68    67     718    (-,-) 
  FA_CHAIN[3].fa/g33/Y    -       B->Y  F     NOR2X2         2  6.9    45    47     765    (-,-) 
  FA_CHAIN[4].fa/g21/Y    -       B->Y  R     NAND2X2        1  5.3    40    44     810    (-,-) 
  FA_CHAIN[4].fa/g20/Y    -       B->Y  F     NAND2X2        2  6.9    67    63     873    (-,-) 
  FA_CHAIN[5].fa/g21/Y    -       B->Y  R     NAND2X2        1  5.3    42    51     924    (-,-) 
  FA_CHAIN[5].fa/g20/Y    -       B->Y  F     NAND2X2        2  7.0    68    64     988    (-,-) 
  FA_CHAIN[6].fa/g77/Y    -       B->Y  R     NOR2X2         1  5.4    71    73    1061    (-,-) 
  FA_CHAIN[6].fa/g76/Y    -       B->Y  F     NOR2X2         2  6.9    45    47    1108    (-,-) 
  FA_CHAIN[7].fa/g21/Y    -       B->Y  R     NAND2X2        1  5.3    40    44    1153    (-,-) 
  FA_CHAIN[7].fa/g20/Y    -       B->Y  F     NAND2X2        2  7.0    68    64    1217    (-,-) 
  FA_CHAIN[8].fa/g1/Y     -       B->Y  R     NOR2X2         1  5.4    71    73    1290    (-,-) 
  FA_CHAIN[8].fa/g76/Y    -       B->Y  F     NOR2X2         2  6.9    45    47    1337    (-,-) 
  FA_CHAIN[9].fa/g21/Y    -       B->Y  R     NAND2X2        1  5.3    47    44    1381    (-,-) 
  FA_CHAIN[9].fa/g20/Y    -       B->Y  F     NAND2X2        2  6.9    68    65    1446    (-,-) 
  FA_CHAIN[10].fa/g62/Y   -       B->Y  R     NAND2X2        1  5.3    44    51    1497    (-,-) 
  FA_CHAIN[10].fa/g61/Y   -       B->Y  F     NAND2X2        2  6.9    67    64    1562    (-,-) 
  FA_CHAIN[11].fa/g32/Y   -       A1->Y R     OAI21X2        1  5.2    86    87    1648    (-,-) 
  FA_CHAIN[11].fa/g69/Y   -       A->Y  F     CLKINVX2       2  6.9    45    46    1695    (-,-) 
  FA_CHAIN[12].fa/g77/Y   -       B->Y  R     NAND2X2        1  5.3    42    44    1740    (-,-) 
  FA_CHAIN[12].fa/g13/Y   -       B->Y  F     NAND2X2        2  6.9    68    64    1803    (-,-) 
  FA_CHAIN[13].fa/g29/Y   -       B->Y  R     NAND2X2        1  5.3    45    51    1854    (-,-) 
  FA_CHAIN[13].fa/g28/Y   -       B->Y  F     NAND2X2        2  7.0    68    65    1919    (-,-) 
  FA_CHAIN[14].fa/g73/Y   -       B->Y  R     NOR2X2         1  5.4    71    73    1992    (-,-) 
  FA_CHAIN[14].fa/g23/Y   -       B->Y  F     NOR2X2         2  6.9    45    47    2040    (-,-) 
  FA_CHAIN[15].fa/g33/Y   -       B->Y  R     NAND2X2        1  5.3    45    44    2084    (-,-) 
  FA_CHAIN[15].fa/g32/Y   -       B->Y  F     NAND2X2        2  6.9    67    64    2148    (-,-) 
  FA_CHAIN[16].fa/g76/Y   -       A1->Y R     OAI21X2        1  5.2    86    87    2235    (-,-) 
  FA_CHAIN[16].fa/fopt1/Y -       A->Y  F     INVX2          2  6.9    45    46    2282    (-,-) 
  FA_CHAIN[17].fa/g21/Y   -       B->Y  R     NAND2X2        1  5.3    40    44    2326    (-,-) 
  FA_CHAIN[17].fa/g20/Y   -       B->Y  F     NAND2X2        2  7.0    68    64    2390    (-,-) 
  FA_CHAIN[18].fa/g1/Y    -       B->Y  R     NOR2X2         1  5.4    71    73    2463    (-,-) 
  FA_CHAIN[18].fa/g76/Y   -       B->Y  F     NOR2X2         2  6.9    45    47    2510    (-,-) 
  FA_CHAIN[19].fa/g62/Y   -       B->Y  R     NAND2X2        1  5.3    46    44    2555    (-,-) 
  FA_CHAIN[19].fa/g61/Y   -       B->Y  F     NAND2X2        2  6.9    68    65    2620    (-,-) 
  FA_CHAIN[20].fa/g62/Y   -       B->Y  R     NAND2X2        1  5.3    44    51    2671    (-,-) 
  FA_CHAIN[20].fa/g61/Y   -       B->Y  F     NAND2X2        2  7.0    68    65    2735    (-,-) 
  FA_CHAIN[21].fa/g34/Y   -       B->Y  R     NOR2X2         1  5.4    71    73    2808    (-,-) 
  FA_CHAIN[21].fa/g33/Y   -       B->Y  F     NOR2X2         2  7.0    45    48    2856    (-,-) 
  FA_CHAIN[22].fa/g34/Y   -       B->Y  R     NOR2X2         1  5.4    68    66    2922    (-,-) 
  FA_CHAIN[22].fa/g33/Y   -       B->Y  F     NOR2X2         2  6.9    44    46    2969    (-,-) 
  FA_CHAIN[23].fa/g23/Y   -       B->Y  R     NAND2X2        1  5.3    44    44    3013    (-,-) 
  FA_CHAIN[23].fa/g22/Y   -       B->Y  F     NAND2X2        2  7.0    68    65    3078    (-,-) 
  FA_CHAIN[24].fa/g73/Y   -       B->Y  R     NOR2X2         1  5.4    71    73    3151    (-,-) 
  FA_CHAIN[24].fa/g23/Y   -       B->Y  F     NOR2X2         2  6.9    45    47    3198    (-,-) 
  FA_CHAIN[25].fa/g63/Y   -       B->Y  R     NAND2X2        1  5.3    45    44    3242    (-,-) 
  FA_CHAIN[25].fa/g62/Y   -       B->Y  F     NAND2X2        2  6.9    67    64    3307    (-,-) 
  FA_CHAIN[26].fa/g63/Y   -       B->Y  R     NAND2X2        1  5.3    45    51    3358    (-,-) 
  FA_CHAIN[26].fa/g62/Y   -       B->Y  F     NAND2X2        2  7.0    68    65    3422    (-,-) 
  FA_CHAIN[27].fa/g34/Y   -       B->Y  R     NOR2X2         1  5.4    71    73    3496    (-,-) 
  FA_CHAIN[27].fa/g33/Y   -       B->Y  F     NOR2X2         2  6.9    45    47    3543    (-,-) 
  FA_CHAIN[28].fa/g21/Y   -       B->Y  R     NAND2X2        1  5.3    41    44    3587    (-,-) 
  FA_CHAIN[28].fa/g20/Y   -       B->Y  F     NAND2X2        2  7.0    68    64    3651    (-,-) 
  FA_CHAIN[29].fa/g23/Y   -       B->Y  R     NOR2X2         1  5.4    71    73    3724    (-,-) 
  FA_CHAIN[29].fa/g22/Y   -       B->Y  F     NOR2X2         2  6.9    45    47    3771    (-,-) 
  FA_CHAIN[30].fa/g23/Y   -       B->Y  R     NAND2X2        1  5.3    46    44    3816    (-,-) 
  FA_CHAIN[30].fa/g22/Y   -       B->Y  F     NAND2X2        2  7.0    68    65    3881    (-,-) 
  FA_CHAIN[31].fa/g34/Y   -       B->Y  R     NOR2X2         1  5.4    71    73    3954    (-,-) 
  FA_CHAIN[31].fa/g33/Y   -       B->Y  F     NOR2X2         2  6.9    45    47    4001    (-,-) 
  FA_CHAIN[32].fa/g34/Y   -       A1->Y R     OAI21X2        1  5.2    84    81    4082    (-,-) 
  FA_CHAIN[32].fa/g33/Y   -       A->Y  F     CLKINVX2       2  6.9    45    46    4128    (-,-) 
  FA_CHAIN[33].fa/g32/Y   -       B->Y  R     NAND2X2        1  5.3    42    44    4173    (-,-) 
  FA_CHAIN[33].fa/g31/Y   -       B->Y  F     NAND2X2        2  6.9    68    64    4237    (-,-) 
  FA_CHAIN[34].fa/g21/Y   -       B->Y  R     NAND2X2        1  5.3    45    51    4288    (-,-) 
  FA_CHAIN[34].fa/g20/Y   -       B->Y  F     NAND2X2        2  6.9    67    64    4352    (-,-) 
  FA_CHAIN[35].fa/g67/Y   -       B->Y  R     NAND2X2        1  5.3    45    51    4403    (-,-) 
  FA_CHAIN[35].fa/g63/Y   -       B->Y  F     NAND2X2        2  7.0    68    65    4468    (-,-) 
  FA_CHAIN[36].fa/g34/Y   -       B->Y  R     NOR2X2         1 10.9   111   103    4571    (-,-) 
  FA_CHAIN[36].fa/g33/Y   -       B->Y  F     NOR2X4         2  6.9    47    40    4612    (-,-) 
  FA_CHAIN[37].fa/g21/Y   -       B->Y  R     NAND2X2        1  5.3    40    45    4657    (-,-) 
  FA_CHAIN[37].fa/g20/Y   -       B->Y  F     NAND2X2        2  7.0    68    64    4720    (-,-) 
  FA_CHAIN[38].fa/g34/Y   -       B->Y  R     NOR2X2         1  5.4    71    73    4793    (-,-) 
  FA_CHAIN[38].fa/g70/Y   -       B->Y  F     NOR2X2         2  6.9    45    47    4841    (-,-) 
  FA_CHAIN[39].fa/g21/Y   -       B->Y  R     NAND2X2        1  5.3    40    44    4885    (-,-) 
  FA_CHAIN[39].fa/g20/Y   -       B->Y  F     NAND2X2        2  7.0    68    64    4949    (-,-) 
  FA_CHAIN[40].fa/g34/Y   -       B->Y  R     NOR2X2         1  5.4    71    73    5022    (-,-) 
  FA_CHAIN[40].fa/g33/Y   -       B->Y  F     NOR2X2         2  7.0    45    48    5069    (-,-) 
  FA_CHAIN[41].fa/g67/Y   -       B->Y  R     NOR2X2         1  5.4    68    66    5136    (-,-) 
  FA_CHAIN[41].fa/g23/Y   -       B->Y  F     NOR2X2         2  7.0    45    47    5183    (-,-) 
  FA_CHAIN[42].fa/g67/Y   -       B->Y  R     NOR2X2         1  5.4    68    66    5249    (-,-) 
  FA_CHAIN[42].fa/g23/Y   -       B->Y  F     NOR2X2         2  7.0    45    47    5296    (-,-) 
  FA_CHAIN[43].fa/g65/Y   -       B->Y  R     NOR2X2         1  5.4    68    66    5362    (-,-) 
  FA_CHAIN[43].fa/g23/Y   -       B->Y  F     NOR2X2         2  6.9    45    47    5409    (-,-) 
  FA_CHAIN[44].fa/g21/Y   -       B->Y  R     NAND2X2        1  5.3    41    44    5453    (-,-) 
  FA_CHAIN[44].fa/g20/Y   -       B->Y  F     NAND2X2        2  7.0    68    64    5517    (-,-) 
  FA_CHAIN[45].fa/g34/Y   -       B->Y  R     NOR2X2         1  5.4    71    73    5590    (-,-) 
  FA_CHAIN[45].fa/g33/Y   -       B->Y  F     NOR2X2         2  7.0    45    48    5638    (-,-) 
  FA_CHAIN[46].fa/g34/Y   -       B->Y  R     NOR2X2         1  5.4    68    66    5704    (-,-) 
  FA_CHAIN[46].fa/g33/Y   -       B->Y  F     NOR2X2         2  6.9    45    47    5751    (-,-) 
  FA_CHAIN[47].fa/g21/Y   -       B->Y  R     NAND2X2        1  5.3    40    44    5795    (-,-) 
  FA_CHAIN[47].fa/g20/Y   -       B->Y  F     NAND2X2        2  6.9    67    63    5858    (-,-) 
  FA_CHAIN[48].fa/g67/Y   -       B->Y  R     NAND2X2        1  5.3    45    51    5909    (-,-) 
  FA_CHAIN[48].fa/g63/Y   -       B->Y  F     NAND2X2        2  6.9    67    64    5974    (-,-) 
  FA_CHAIN[49].fa/g65/Y   -       B->Y  R     NAND2X2        1  5.3    45    51    6025    (-,-) 
  FA_CHAIN[49].fa/g64/Y   -       B->Y  F     NAND2X2        2  6.9    67    64    6089    (-,-) 
  FA_CHAIN[50].fa/g63/Y   -       B->Y  R     NAND2X2        1  5.3    45    51    6140    (-,-) 
  FA_CHAIN[50].fa/g62/Y   -       B->Y  F     NAND2X2        2  6.9    67    64    6205    (-,-) 
  FA_CHAIN[51].fa/g65/Y   -       B->Y  R     NAND2X2        1  5.3    45    51    6256    (-,-) 
  FA_CHAIN[51].fa/g64/Y   -       B->Y  F     NAND2X2        2  6.9    67    64    6320    (-,-) 
  FA_CHAIN[52].fa/g21/Y   -       B->Y  R     NAND2X2        1  5.3    42    51    6371    (-,-) 
  FA_CHAIN[52].fa/g20/Y   -       B->Y  F     NAND2X2        2  6.9    67    64    6435    (-,-) 
  FA_CHAIN[53].fa/g65/Y   -       B->Y  R     NAND2X2        1  5.3    45    51    6486    (-,-) 
  FA_CHAIN[53].fa/g27/Y   -       B->Y  F     NAND2X2        2  6.9    67    64    6551    (-,-) 
  FA_CHAIN[54].fa/g65/Y   -       B->Y  R     NAND2X2        1  5.3    45    51    6602    (-,-) 
  FA_CHAIN[54].fa/g64/Y   -       B->Y  F     NAND2X2        2  6.9    67    64    6666    (-,-) 
  FA_CHAIN[55].fa/g54/Y   -       B->Y  R     NAND2X2        1  5.3    45    51    6717    (-,-) 
  FA_CHAIN[55].fa/g53/Y   -       B->Y  F     NAND2X2        2  6.9    67    64    6782    (-,-) 
  FA_CHAIN[56].fa/g65/Y   -       B->Y  R     NAND2X2        1  5.3    45    51    6833    (-,-) 
  FA_CHAIN[56].fa/g64/Y   -       B->Y  F     NAND2X2        2  7.1    69    65    6898    (-,-) 
  FA_CHAIN[57].fa/g62/Y   -       B->Y  R     NAND2X2        1  5.3    44    51    6949    (-,-) 
  FA_CHAIN[57].fa/g61/Y   -       B->Y  F     NAND2X2        2  7.1    69    65    7014    (-,-) 
  FA_CHAIN[58].fa/g62/Y   -       B->Y  R     NAND2X2        1  5.3    45    51    7066    (-,-) 
  FA_CHAIN[58].fa/g61/Y   -       B->Y  F     NAND2X2        2  7.0    68    65    7131    (-,-) 
  FA_CHAIN[59].fa/g66/Y   -       B->Y  R     NAND2X2        1  5.3    45    51    7182    (-,-) 
  FA_CHAIN[59].fa/g65/Y   -       B->Y  F     NAND2X2        2  7.0    68    65    7247    (-,-) 
  FA_CHAIN[60].fa/g15/Y   -       B->Y  R     NAND2X2        1  5.3    45    51    7298    (-,-) 
  FA_CHAIN[60].fa/g14/Y   -       B->Y  F     NAND2X2        2  6.9    67    64    7363    (-,-) 
  FA_CHAIN[61].fa/g69/Y   -       B->Y  R     NAND2X2        1  5.3    44    51    7414    (-,-) 
  FA_CHAIN[61].fa/g67/Y   -       B->Y  F     NAND2X2        2  7.0    68    65    7478    (-,-) 
  FA_CHAIN[62].fa/g21/Y   -       B->Y  R     NAND2X2        1 11.0    64    69    7547    (-,-) 
  FA_CHAIN[62].fa/g20/Y   -       B->Y  F     NAND2X4        3 15.8    76    74    7622    (-,-) 
  FA_CHAIN[63].fa/fopt/Y  -       A->Y  R     INVX2          1  5.4    42    49    7670    (-,-) 
  FA_CHAIN[63].fa/g27/Y   -       B1->Y F     OAI22X2        1 10.0   128    92    7763    (-,-) 
  sum[63]                 <<<     -     F     (port)         -    -     -     0    7763    (-,-) 
#------------------------------------------------------------------------------------------------

