============================================================
  Generated by:           Genus(TM) Synthesis Solution 21.14-s082_1
  Generated on:           Apr 17 2026  09:41:42 pm
  Module:                 CLA128
  Operating conditions:   slow (balanced_tree)
  Wireload mode:          enclosed
  Area mode:              timing library
============================================================

Timing
--------

Clock Period 
-------------
clk   2000.0 


  Cost    Critical         Violating 
 Group   Path Slack  TNS     Paths   
-------------------------------------
clk             0.0   0.0          0 
default    No paths   0.0            
-------------------------------------
Total                 0.0          0 

Instance Count
--------------
Leaf Instance Count             1812 
Physical Instance count            0 
Sequential Instance Count          0 
Combinational Instance Count    1812 
Hierarchical Instance Count      168 

Area
----
Cell Area                          10598.871
Physical Cell Area                 0.000
Total Cell Area (Cell+Physical)    10598.871
Net Area                           0.000
Total Area (Cell+Physical+Net)     10598.871

Max Fanout                         9 (GP16[2])
Min Fanout                         1 (GG16[6])
Average Fanout                     1.8
Terms to net ratio                 2.5905
Terms to instance ratio            2.9851
Runtime                            52.99134 seconds
Elapsed Runtime                    179 seconds
Genus peak memory usage            1432.97 
Innovus peak memory usage          no_value 
Hostname                           localhost
