============================================================
  Generated by:           Genus(TM) Synthesis Solution 21.14-s082_1
  Generated on:           Apr 17 2026  09:41:42 pm
  Module:                 CLA128
  Operating conditions:   slow (balanced_tree)
  Wireload mode:          enclosed
  Area mode:              timing library
============================================================


Path 1: MET (0 ps) Late External Delay Assertion at pin S[81]
          Group: clk
     Startpoint: (F) A[46]
          Clock: (R) clk
       Endpoint: (R) S[81]
          Clock: (R) clk

                     Capture       Launch     
        Clock Edge:+    2000            0     
        Drv Adjust:+       0           39     
       Src Latency:+       0            0     
       Net Latency:+       0 (I)        0 (I) 
           Arrival:=    2000           39     
                                              
      Output Delay:-     200                  
     Required Time:=    1800                  
      Launch Clock:-      39                  
       Input Delay:-     200                  
         Data Path:-    1561                  
             Slack:=       0                  

Exceptions/Constraints:
  input_delay              200             SDC2.sdc_line_5_81_1  
  output_delay             200             SDC2.sdc_line_8_301_1 

#---------------------------------------------------------------------------------------------------
#       Timing Point         Flags   Arc   Edge   Cell     Fanout Load Trans Delay Arrival Instance 
#                                                                 (fF)  (ps)  (ps)   (ps)  Location 
#---------------------------------------------------------------------------------------------------
  A[46]                      -       -     F     (arrival)      2  8.2    63     0     239    (-,-) 
  blk2/grp3/ini2/g32/Y       (P)     A->Y  R     CLKINVX1       1  5.3    57    63     302    (-,-) 
  blk2/grp3/ini2/g29__1666/Y (P)     B->Y  F     NAND2X2        1  7.6    73    71     373    (-,-) 
  blk2/grp3/ini2/g28__2346/Y (P)     B->Y  F     CLKAND2X6      6 31.6    64   141     514    (-,-) 
  blk2/grp3/g24/Y            (P)     A->Y  R     NAND2X6        1 21.5    52    61     575    (-,-) 
  blk2/grp3/g23/Y            (P)     A->Y  F     NOR2X8         3 28.6    44    48     624    (-,-) 
  blk2/g103/Y                (P)     A->Y  R     NAND2X8        2 27.1    46    53     676    (-,-) 
  blk2/g14/Y                 (P)     B->Y  F     NOR2X8         9 28.6    42    42     719    (-,-) 
  g195/Y                     (P)     A->Y  F     CLKAND2X3      4 12.9    57   135     854    (-,-) 
  g50/Y                      (P)     B->Y  F     CLKAND2X3      1  5.3    41   112     966    (-,-) 
  g381/Y                     (P)     A1->Y R     AOI21X2        1  5.3    87    80    1045    (-,-) 
  g366/Y                     (P)     B->Y  F     NAND2X2        1  7.8    79    79    1124    (-,-) 
  g358/Y                     (P)     A->Y  R     CLKINVX3       1 22.6    74    80    1204    (-,-) 
  g18/Y                      (P)     C->Y  F     NAND3X8        3 18.7    94    89    1293    (-,-) 
  blk5/grp0/fopt5/Y          (P)     A->Y  R     INVX1          1  5.2    63    72    1365    (-,-) 
  blk5/grp0/fopt2/Y          (P)     A->Y  F     CLKINVX2       3 10.6    49    52    1417    (-,-) 
  blk5/grp0/g12/Y            (P)     B->Y  R     NAND2X2        1  5.4    43    46    1463    (-,-) 
  blk5/grp0/g140/Y           (P)     B->Y  F     NAND2BX2       3 10.5   100    80    1543    (-,-) 
  blk5/grp0/fopt64/Y         (P)     A->Y  R     CLKINVX2       2  5.3    47    53    1596    (-,-) 
  blk5/grp0/fopt135/Y        (P)     A->Y  F     INVX1          1  2.7    32    36    1632    (-,-) 
  blk5/grp0/g59/Y            (P)     B->Y  R     MXI2X1         1 10.0   201   168    1800    (-,-) 
  S[81]                      <<<     -     R     (port)         -    -     -     0    1800    (-,-) 
#---------------------------------------------------------------------------------------------------

(P) : Instance is preserved

