============================================================
  Generated by:           Genus(TM) Synthesis Solution 21.14-s082_1
  Generated on:           Apr 17 2026  09:58:52 pm
  Module:                 RCA128
  Operating conditions:   slow (balanced_tree)
  Wireload mode:          enclosed
  Area mode:              timing library
============================================================


Path 1: VIOLATED (-6 ps) Late External Delay Assertion at pin sum[90]
          Group: clk
     Startpoint: (R) A[17]
          Clock: (R) clk
       Endpoint: (F) sum[90]
          Clock: (R) clk

                     Capture       Launch     
        Clock Edge:+    2000            0     
        Drv Adjust:+       0           32     
       Src Latency:+       0            0     
       Net Latency:+       0 (I)        0 (I) 
           Arrival:=    2000           32     
                                              
      Output Delay:-     200                  
     Required Time:=    1800                  
      Launch Clock:-      32                  
       Input Delay:-     200                  
         Data Path:-    1574                  
             Slack:=      -6                  

Exceptions/Constraints:
  input_delay              200             in_del_493_1 
  output_delay             200             ou_del_675_1 

#---------------------------------------------------------------------------------------
# Timing Point   Flags   Arc   Edge   Cell     Fanout Load Trans Delay Arrival Instance 
#                                                     (fF)  (ps)  (ps)   (ps)  Location 
#---------------------------------------------------------------------------------------
  A[17]          -       -     R     (arrival)      2  5.4    55     0     232    (-,-) 
  g279344/Y      -       A->Y  F     CLKINVX1       2  4.4    43    47     279    (-,-) 
  g279343/Y      -       B->Y  R     NAND2X1        1  5.5    63    61     340    (-,-) 
  g279342/Y      -       A->Y  F     NAND2X2        3  9.7    86    84     424    (-,-) 
  g279340/Y      -       A1->Y R     AOI21X1        2  3.3    90   100     524    (-,-) 
  g281193/Y      -       B->Y  F     NOR2XL         1  1.7    47    49     573    (-,-) 
  g279523/Y      -       A1->Y R     OAI21XL        1  2.7   128   113     686    (-,-) 
  g278022/Y      -       A->Y  F     NAND2X1        1  5.6   104   104     791    (-,-) 
  g279356/Y      -       A->Y  R     NOR2X2         2  8.0    92   103     894    (-,-) 
  g279205/Y      -       B->Y  F     NAND2X2        2 12.3   107   100     994    (-,-) 
  g165/Y         -       A1->Y R     AOI21X4        3 15.6   110   109    1103    (-,-) 
  fopt276475/Y   -       A->Y  F     CLKINVX2       2  8.0    54    53    1157    (-,-) 
  g281128/Y      -       A1->Y R     AOI21X2        2  6.9    90    92    1249    (-,-) 
  fopt281132/Y   -       A->Y  F     INVXL          2  4.5    73    74    1322    (-,-) 
  g362/Y         -       B->Y  R     NAND2X1        1  5.3    62    70    1392    (-,-) 
  g280188/Y      -       B->Y  F     NAND2X2        3  9.7    86    81    1473    (-,-) 
  g281139/Y      -       A1->Y R     AOI21X2        3  8.0    99   106    1579    (-,-) 
  g281142/Y      -       A->Y  F     NOR2X1         1  5.4    67    70    1649    (-,-) 
  g281140/Y      -       B->Y  R     NOR2X2         1  5.3    70    72    1721    (-,-) 
  g289/Y         -       B->Y  F     NAND2X2        1 10.0    97    85    1806    (-,-) 
  sum[90]        <<<     -     F     (port)         -    -     -     0    1806    (-,-) 
#---------------------------------------------------------------------------------------

