============================================================
  Generated by:           Genus(TM) Synthesis Solution 21.14-s082_1
  Generated on:           Apr 17 2026  09:58:52 pm
  Module:                 RCA128
  Operating conditions:   slow (balanced_tree)
  Wireload mode:          enclosed
  Area mode:              timing library
============================================================

Timing
--------

Clock Period 
-------------
clk   2000.0 


  Cost    Critical           Violating 
 Group   Path Slack   TNS      Paths   
---------------------------------------
clk            -5.9   -43.5         11 
default    No paths     0.0            
---------------------------------------
Total                 -43.5         11 

Instance Count
--------------
Leaf Instance Count             3640 
Physical Instance count            0 
Sequential Instance Count          0 
Combinational Instance Count    3640 
Hierarchical Instance Count        0 

Area
----
Cell Area                          16012.219
Physical Cell Area                 0.000
Total Cell Area (Cell+Physical)    16012.219
Net Area                           0.000
Total Area (Cell+Physical+Net)     16012.219

Max Fanout                         12 (n_584)
Min Fanout                         1 (n_1)
Average Fanout                     1.9
Terms to net ratio                 2.8489
Terms to instance ratio            3.0508
Runtime                            549.3566579999989 seconds
Elapsed Runtime                    698 seconds
Genus peak memory usage            1499.55 
Innovus peak memory usage          no_value 
Hostname                           localhost
