============================================================
  Generated by:           Genus(TM) Synthesis Solution 21.14-s082_1
  Generated on:           Apr 17 2026  09:41:42 pm
  Module:                 CLA128
  Operating conditions:   slow (balanced_tree)
  Wireload mode:          enclosed
  Area mode:              timing library
============================================================

 Instance      Module      Cell Count  Cell Area  Net Area   Total Area   Wireload  
------------------------------------------------------------------------------------
CLA128                           1812  10598.871     0.000    10598.871 <none> (D)  
  blk0     CLA16                  187   1111.129     0.000     1111.129 <none> (D)  
    grp0   CLA4                    37    209.661     0.000      209.661 <none> (D)  
      ini0 initialize               1     12.110     0.000       12.110 <none> (D)  
      ini1 initialize_254           6     34.060     0.000       34.060 <none> (D)  
      ini2 initialize_253           4     25.735     0.000       25.735 <none> (D)  
      ini3 initialize_252           6     34.060     0.000       34.060 <none> (D)  
    grp1   CLA4_62                 42    235.396     0.000      235.396 <none> (D)  
      ini0 initialize_251           4     28.005     0.000       28.005 <none> (D)  
      ini1 initialize_250           6     34.060     0.000       34.060 <none> (D)  
      ini2 initialize_249           6     37.088     0.000       37.088 <none> (D)  
      ini3 initialize_248           6     34.060     0.000       34.060 <none> (D)  
    grp2   CLA4_61                 43    272.484     0.000      272.484 <none> (D)  
      ini0 initialize_247           4     25.735     0.000       25.735 <none> (D)  
      ini1 initialize_246           6     34.060     0.000       34.060 <none> (D)  
      ini2 initialize_245           6     37.088     0.000       37.088 <none> (D)  
      ini3 initialize_244           6     34.060     0.000       34.060 <none> (D)  
    grp3   CLA4_60                 43    251.291     0.000      251.291 <none> (D)  
      ini0 initialize_243           4     25.735     0.000       25.735 <none> (D)  
      ini1 initialize_242           6     34.060     0.000       34.060 <none> (D)  
      ini2 initialize_241           6     34.060     0.000       34.060 <none> (D)  
      ini3 initialize_240           6     31.790     0.000       31.790 <none> (D)  
  blk1     CLA16_14               230   1351.066     0.000     1351.066 <none> (D)  
    grp0   CLA4_59                 48    280.810     0.000      280.810 <none> (D)  
      ini0 initialize_239           1     12.110     0.000       12.110 <none> (D)  
      ini1 initialize_238           6     34.060     0.000       34.060 <none> (D)  
      ini2 initialize_237           6     34.060     0.000       34.060 <none> (D)  
      ini3 initialize_236           6     34.060     0.000       34.060 <none> (D)  
    grp1   CLA4_58                 59    338.334     0.000      338.334 <none> (D)  
      ini0 initialize_235           6     34.060     0.000       34.060 <none> (D)  
      ini1 initialize_234           6     37.088     0.000       37.088 <none> (D)  
      ini2 initialize_233           6     35.574     0.000       35.574 <none> (D)  
      ini3 initialize_232           6     35.574     0.000       35.574 <none> (D)  
    grp2   CLA4_57                 52    293.677     0.000      293.677 <none> (D)  
      ini0 initialize_231           6     34.060     0.000       34.060 <none> (D)  
      ini1 initialize_230           6     27.248     0.000       27.248 <none> (D)  
      ini2 initialize_229           6     37.088     0.000       37.088 <none> (D)  
      ini3 initialize_228           6     34.060     0.000       34.060 <none> (D)  
    grp3   CLA4_56                 48    261.130     0.000      261.130 <none> (D)  
      ini0 initialize_227           6     31.790     0.000       31.790 <none> (D)  
      ini1 initialize_226           6     34.060     0.000       34.060 <none> (D)  
      ini2 initialize_225           6     34.060     0.000       34.060 <none> (D)  
      ini3 initialize_224           6     25.735     0.000       25.735 <none> (D)  
  blk2     CLA16_13               241   1457.033     0.000     1457.033 <none> (D)  
    grp0   CLA4_55                 49    285.351     0.000      285.351 <none> (D)  
      ini0 initialize_223           6     34.060     0.000       34.060 <none> (D)  
      ini1 initialize_222           6     35.574     0.000       35.574 <none> (D)  
      ini2 initialize_221           6     35.574     0.000       35.574 <none> (D)  
      ini3 initialize_220           6     37.088     0.000       37.088 <none> (D)  
    grp1   CLA4_54                 57    343.633     0.000      343.633 <none> (D)  
      ini0 initialize_219           6     34.060     0.000       34.060 <none> (D)  
      ini1 initialize_218           6     35.574     0.000       35.574 <none> (D)  
      ini2 initialize_217           6     37.088     0.000       37.088 <none> (D)  
      ini3 initialize_216           6     34.060     0.000       34.060 <none> (D)  
    grp2   CLA4_53                 53    319.412     0.000      319.412 <none> (D)  
      ini0 initialize_215           6     34.060     0.000       34.060 <none> (D)  
      ini1 initialize_214           6     35.574     0.000       35.574 <none> (D)  
      ini2 initialize_213           6     34.060     0.000       34.060 <none> (D)  
      ini3 initialize_212           6     35.574     0.000       35.574 <none> (D)  
    grp3   CLA4_52                 53    323.953     0.000      323.953 <none> (D)  
      ini0 initialize_211           6     34.060     0.000       34.060 <none> (D)  
      ini1 initialize_210           6     34.060     0.000       34.060 <none> (D)  
      ini2 initialize_209           6     35.574     0.000       35.574 <none> (D)  
      ini3 initialize_208           6     34.060     0.000       34.060 <none> (D)  
  blk3     CLA16_12               214   1289.001     0.000     1289.001 <none> (D)  
    grp0   CLA4_51                 42    253.561     0.000      253.561 <none> (D)  
      ini0 initialize_207           6     34.060     0.000       34.060 <none> (D)  
      ini1 initialize_206           6     34.060     0.000       34.060 <none> (D)  
      ini2 initialize_205           6     34.060     0.000       34.060 <none> (D)  
      ini3 initialize_204           6     34.060     0.000       34.060 <none> (D)  
    grp1   CLA4_50                 48    302.003     0.000      302.003 <none> (D)  
      ini0 initialize_203           6     34.060     0.000       34.060 <none> (D)  
      ini1 initialize_202           6     35.574     0.000       35.574 <none> (D)  
      ini2 initialize_201           6     35.574     0.000       35.574 <none> (D)  
      ini3 initialize_200           6     34.060     0.000       34.060 <none> (D)  
    grp2   CLA4_49                 52    312.600     0.000      312.600 <none> (D)  
      ini0 initialize_199           6     34.060     0.000       34.060 <none> (D)  
      ini1 initialize_198           6     34.060     0.000       34.060 <none> (D)  
      ini2 initialize_197           6     35.574     0.000       35.574 <none> (D)  
      ini3 initialize_196           6     34.060     0.000       34.060 <none> (D)  
    grp3   CLA4_48                 43    256.589     0.000      256.589 <none> (D)  
      ini0 initialize_195           6     34.060     0.000       34.060 <none> (D)  
      ini1 initialize_194           6     34.060     0.000       34.060 <none> (D)  
      ini2 initialize_193           5     21.193     0.000       21.193 <none> (D)  
      ini3 initialize_192           4     21.193     0.000       21.193 <none> (D)  
  blk4     CLA16_11               240   1374.530     0.000     1374.530 <none> (D)  
    grp0   CLA4_47                 53    299.732     0.000      299.732 <none> (D)  
      ini0 initialize_191           6     34.060     0.000       34.060 <none> (D)  
      ini1 initialize_190           6     34.060     0.000       34.060 <none> (D)  
      ini2 initialize_189           6     34.060     0.000       34.060 <none> (D)  
      ini3 initialize_188           6     34.060     0.000       34.060 <none> (D)  
    grp1   CLA4_46                 57    330.008     0.000      330.008 <none> (D)  
      ini0 initialize_187           6     34.060     0.000       34.060 <none> (D)  
      ini1 initialize_186           6     34.060     0.000       34.060 <none> (D)  
      ini2 initialize_185           6     34.060     0.000       34.060 <none> (D)  
      ini3 initialize_184           6     34.060     0.000       34.060 <none> (D)  
    grp2   CLA4_45                 51    285.351     0.000      285.351 <none> (D)  
      ini0 initialize_183           6     34.060     0.000       34.060 <none> (D)  
      ini1 initialize_182           6     34.060     0.000       34.060 <none> (D)  
      ini2 initialize_181           6     34.060     0.000       34.060 <none> (D)  
      ini3 initialize_180           6     35.574     0.000       35.574 <none> (D)  
    grp3   CLA4_44                 51    292.920     0.000      292.920 <none> (D)  
      ini0 initialize_179           6     34.060     0.000       34.060 <none> (D)  
      ini1 initialize_178           6     34.060     0.000       34.060 <none> (D)  
      ini2 initialize_177           6     37.088     0.000       37.088 <none> (D)  
      ini3 initialize_176           6     34.060     0.000       34.060 <none> (D)  
  blk5     CLA16_10               228   1316.249     0.000     1316.249 <none> (D)  
    grp0   CLA4_43                 46    277.782     0.000      277.782 <none> (D)  
      ini0 initialize_175           4     25.735     0.000       25.735 <none> (D)  
      ini1 initialize_174           6     34.060     0.000       34.060 <none> (D)  
      ini2 initialize_173           4     25.735     0.000       25.735 <none> (D)  
      ini3 initialize_172           6     31.790     0.000       31.790 <none> (D)  
    grp1   CLA4_42                 51    277.782     0.000      277.782 <none> (D)  
      ini0 initialize_171           4     25.735     0.000       25.735 <none> (D)  
      ini1 initialize_170           6     34.060     0.000       34.060 <none> (D)  
      ini2 initialize_169           6     34.060     0.000       34.060 <none> (D)  
      ini3 initialize_168           4     25.735     0.000       25.735 <none> (D)  
    grp2   CLA4_41                 59    325.467     0.000      325.467 <none> (D)  
      ini0 initialize_167           6     34.060     0.000       34.060 <none> (D)  
      ini1 initialize_166           6     34.060     0.000       34.060 <none> (D)  
      ini2 initialize_165           6     34.060     0.000       34.060 <none> (D)  
      ini3 initialize_164           6     34.060     0.000       34.060 <none> (D)  
    grp3   CLA4_40                 49    295.948     0.000      295.948 <none> (D)  
      ini0 initialize_163           4     25.735     0.000       25.735 <none> (D)  
      ini1 initialize_162           6     34.060     0.000       34.060 <none> (D)  
      ini2 initialize_161           6     35.574     0.000       35.574 <none> (D)  
      ini3 initialize_160           4     25.735     0.000       25.735 <none> (D)  
  blk6     CLA16_9                223   1225.421     0.000     1225.421 <none> (D)  
    grp0   CLA4_39                 44    247.506     0.000      247.506 <none> (D)  
      ini0 initialize_159           1     12.110     0.000       12.110 <none> (D)  
      ini1 initialize_158           4     25.735     0.000       25.735 <none> (D)  
      ini2 initialize_157           6     34.060     0.000       34.060 <none> (D)  
      ini3 initialize_156           1     14.381     0.000       14.381 <none> (D)  
    grp1   CLA4_38                 45    271.727     0.000      271.727 <none> (D)  
      ini0 initialize_155           4     25.735     0.000       25.735 <none> (D)  
      ini1 initialize_154           6     34.060     0.000       34.060 <none> (D)  
      ini2 initialize_153           6     34.060     0.000       34.060 <none> (D)  
      ini3 initialize_152           4     25.735     0.000       25.735 <none> (D)  
    grp2   CLA4_37                 55    310.329     0.000      310.329 <none> (D)  
      ini0 initialize_151           6     34.060     0.000       34.060 <none> (D)  
      ini1 initialize_150           6     34.060     0.000       34.060 <none> (D)  
      ini2 initialize_149           6     34.060     0.000       34.060 <none> (D)  
      ini3 initialize_148           4     28.005     0.000       28.005 <none> (D)  
    grp3   CLA4_36                 55    265.672     0.000      265.672 <none> (D)  
      ini0 initialize_147           4     25.735     0.000       25.735 <none> (D)  
      ini1 initialize_146           6     23.464     0.000       23.464 <none> (D)  
      ini2 initialize_145           6     34.060     0.000       34.060 <none> (D)  
      ini3 initialize_144           6     34.060     0.000       34.060 <none> (D)  
  blk7     CLA16_8                137    796.259     0.000      796.259 <none> (D)  
    grp0   CLA4_35                 31    189.225     0.000      189.225 <none> (D)  
      ini0 initialize_143           4     21.950     0.000       21.950 <none> (D)  
      ini1 initialize_142           1     12.110     0.000       12.110 <none> (D)  
      ini2 initialize_141           1     14.381     0.000       14.381 <none> (D)  
      ini3 initialize_140           1     12.110     0.000       12.110 <none> (D)  
    grp1   CLA4_34                 31    180.899     0.000      180.899 <none> (D)  
      ini0 initialize_139           1     12.110     0.000       12.110 <none> (D)  
      ini1 initialize_138           1     12.110     0.000       12.110 <none> (D)  
      ini2 initialize_137           1     12.110     0.000       12.110 <none> (D)  
      ini3 initialize_136           1     12.110     0.000       12.110 <none> (D)  
    grp2   CLA4_33                 29    173.330     0.000      173.330 <none> (D)  
      ini0 initialize_135           1     12.110     0.000       12.110 <none> (D)  
      ini1 initialize_134           1     12.110     0.000       12.110 <none> (D)  
      ini2 initialize_133           1     12.110     0.000       12.110 <none> (D)  
      ini3 initialize_132           1     12.110     0.000       12.110 <none> (D)  
    grp3   CLA4_32                 28    162.733     0.000      162.733 <none> (D)  
      ini0 initialize_131           1     12.110     0.000       12.110 <none> (D)  
      ini1 initialize_130           1     12.110     0.000       12.110 <none> (D)  
      ini2 initialize_129           1     12.110     0.000       12.110 <none> (D)  
      ini3 initialize_128           1     12.110     0.000       12.110 <none> (D)  
  (D) = wireload is default in technology library
