============================================================
  Generated by:           Genus(TM) Synthesis Solution 21.14-s082_1
  Generated on:           Apr 17 2026  09:17:06 pm
  Module:                 KS128
  Operating conditions:   slow (balanced_tree)
  Wireload mode:          enclosed
  Area mode:              timing library
============================================================

Timing
--------

Clock Period 
-------------
clk   2000.0 


  Cost    Critical         Violating 
 Group   Path Slack  TNS     Paths   
-------------------------------------
clk             3.8   0.0          0 
default    No paths   0.0            
-------------------------------------
Total                 0.0          0 

Instance Count
--------------
Leaf Instance Count             1449 
Physical Instance count            0 
Sequential Instance Count          0 
Combinational Instance Count    1449 
Hierarchical Instance Count      128 

Area
----
Cell Area                          6304.977
Physical Cell Area                 0.000
Total Cell Area (Cell+Physical)    6304.977
Net Area                           0.000
Total Area (Cell+Physical+Net)     6304.977

Max Fanout                         8 (P[37])
Min Fanout                         1 (cout)
Average Fanout                     2.0
Terms to net ratio                 2.5909
Terms to instance ratio            3.5100
Runtime                            35.613510000000005 seconds
Elapsed Runtime                    242 seconds
Genus peak memory usage            1570.85 
Innovus peak memory usage          no_value 
Hostname                           localhost
