============================================================
  Generated by:           Genus(TM) Synthesis Solution 21.14-s082_1
  Generated on:           Apr 17 2026  09:17:05 pm
  Module:                 KS128
  Operating conditions:   slow (balanced_tree)
  Wireload mode:          enclosed
  Area mode:              timing library
============================================================


Path 1: MET (4 ps) Late External Delay Assertion at pin sum[93]
          Group: clk
     Startpoint: (R) cin
          Clock: (R) clk
       Endpoint: (F) sum[93]
          Clock: (R) clk

                     Capture       Launch     
        Clock Edge:+    2000            0     
        Drv Adjust:+       0           42     
       Src Latency:+       0            0     
       Net Latency:+       0 (I)        0 (I) 
           Arrival:=    2000           42     
                                              
      Output Delay:-     200                  
     Required Time:=    1800                  
      Launch Clock:-      42                  
       Input Delay:-     200                  
         Data Path:-    1554                  
             Slack:=       4                  

Exceptions/Constraints:
  input_delay              200             in_del_256_1 
  output_delay             200             ou_del_289_1 

#----------------------------------------------------------------------------------------
# Timing Point   Flags    Arc   Edge   Cell     Fanout Load Trans Delay Arrival Instance 
#                                                      (fF)  (ps)  (ps)   (ps)  Location 
#----------------------------------------------------------------------------------------
  cin            -       -      R     (arrival)      3  7.2    70     0     242    (-,-) 
  g58127__6783/Y -       B->Y   F     NAND2BX1       1  5.5   100    91     334    (-,-) 
  g57951__6783/Y -       A->Y   R     NAND2X2        7 18.8   122   105     439    (-,-) 
  g57822__6417/Y -       A1N->Y R     OAI2BB1X1      4 12.4   131   218     657    (-,-) 
  g57781__5115/Y -       A1->Y  F     AOI21X2        3  7.1   192   100     756    (-,-) 
  g57727__2346/Y -       A1->Y  R     OAI21X1        2  6.4   162   165     921    (-,-) 
  g57694__9315/Y -       A1->Y  F     AOI21X1        2  8.8   167   157    1079    (-,-) 
  g57671__6417/Y -       A1->Y  R     OAI21X2        3 10.6   157   146    1224    (-,-) 
  g57632__7482/Y -       A1->Y  F     AOI21X2        3  9.7   159   120    1344    (-,-) 
  g57600__7482/Y -       A1->Y  R     OAI21X2        2  6.4   133   119    1463    (-,-) 
  g57567__5115/Y -       A1->Y  F     AOI21X1        2  4.4   110   110    1574    (-,-) 
  g57549__5477/Y -       B->Y   R     NAND2XL        1  2.8    71    81    1655    (-,-) 
  g57545__2346/Y -       B0->Y  F     OAI21X1        1 10.0   168   141    1796    (-,-) 
  sum[93]        <<<     -      F     (port)         -    -     -     0    1796    (-,-) 
#----------------------------------------------------------------------------------------

