============================================================
  Generated by:           Genus(TM) Synthesis Solution 21.14-s082_1
  Generated on:           Apr 13 2026  10:30:46 pm
  Module:                 CLA32
  Operating conditions:   slow (balanced_tree)
  Wireload mode:          enclosed
  Area mode:              timing library
============================================================

Timing
--------

Clock Period 
-------------
clk   2000.0 


  Cost    Critical         Violating 
 Group   Path Slack  TNS     Paths   
-------------------------------------
clk             3.8   0.0          0 
default    No paths   0.0            
-------------------------------------
Total                 0.0          0 

Instance Count
--------------
Leaf Instance Count             291 
Physical Instance count           0 
Sequential Instance Count         0 
Combinational Instance Count    291 
Hierarchical Instance Count       0 

Area
----
Cell Area                          1345.011
Physical Cell Area                 0.000
Total Cell Area (Cell+Physical)    1345.011
Net Area                           0.000
Total Area (Cell+Physical+Net)     1345.011

Max Fanout                         7 (n_278)
Min Fanout                         1 (n_3)
Average Fanout                     2.0
Terms to net ratio                 2.6983
Terms to instance ratio            3.3196
Runtime                            13.916704000000001 seconds
Elapsed Runtime                    101 seconds
Genus peak memory usage            1496.80 
Innovus peak memory usage          no_value 
Hostname                           localhost
