============================================================
  Generated by:           Genus(TM) Synthesis Solution 21.14-s082_1
  Generated on:           Apr 13 2026  09:58:25 pm
  Module:                 RCA32
  Operating conditions:   slow (balanced_tree)
  Wireload mode:          enclosed
  Area mode:              timing library
============================================================

Timing
--------

Clock Period 
-------------
clk   2000.0 


  Cost    Critical              Violating 
 Group   Path Slack     TNS       Paths   
------------------------------------------
clk         -2289.3   -33267.4         25 
default    No paths        0.0            
------------------------------------------
Total                 -33267.4         25 

Instance Count
--------------
Leaf Instance Count             274 
Physical Instance count           0 
Sequential Instance Count         0 
Combinational Instance Count    274 
Hierarchical Instance Count      32 

Area
----
Cell Area                          1765.848
Physical Cell Area                 0.000
Total Cell Area (Cell+Physical)    1765.848
Net Area                           0.000
Total Area (Cell+Physical+Net)     1765.848

Max Fanout                         3 (cin)
Min Fanout                         1 (cout)
Average Fanout                     1.6
Terms to net ratio                 2.3363
Terms to instance ratio            2.8905
Runtime                            61.854974999999996 seconds
Elapsed Runtime                    136 seconds
Genus peak memory usage            1425.83 
Innovus peak memory usage          no_value 
Hostname                           localhost
