============================================================
  Generated by:           Genus(TM) Synthesis Solution 21.14-s082_1
  Generated on:           Apr 13 2026  09:58:25 pm
  Module:                 RCA32
  Operating conditions:   slow (balanced_tree)
  Wireload mode:          enclosed
  Area mode:              timing library
============================================================


Path 1: VIOLATED (-2289 ps) Late External Delay Assertion at pin sum[31]
          Group: clk
     Startpoint: (F) A[0]
          Clock: (R) clk
       Endpoint: (F) sum[31]
          Clock: (R) clk

                     Capture       Launch     
        Clock Edge:+    2000            0     
        Drv Adjust:+       0           47     
       Src Latency:+       0            0     
       Net Latency:+       0 (I)        0 (I) 
           Arrival:=    2000           47     
                                              
      Output Delay:-     200                  
     Required Time:=    1800                  
      Launch Clock:-      47                  
       Input Delay:-     200                  
         Data Path:-    3842                  
             Slack:=   -2289                  

Exceptions/Constraints:
  input_delay              200             in_del_31_1 
  output_delay             200             ou_del      

#------------------------------------------------------------------------------------------------
#      Timing Point       Flags   Arc   Edge   Cell     Fanout Load Trans Delay Arrival Instance 
#                                                              (fF)  (ps)  (ps)   (ps)  Location 
#------------------------------------------------------------------------------------------------
  A[0]                    -       -     F     (arrival)      3  9.9    74     0     247    (-,-) 
  FA_CHAIN[0].fa/g77/Y    -       A->Y  R     NOR2X2         1  5.3    71    81     329    (-,-) 
  FA_CHAIN[0].fa/g74/Y    -       A1->Y F     OAI21X2        2  6.9    81    79     407    (-,-) 
  FA_CHAIN[1].fa/g28/Y    -       B->Y  R     NAND2X2        1  5.3    46    55     462    (-,-) 
  FA_CHAIN[1].fa/g27/Y    -       B->Y  F     NAND2X2        2  6.9    68    65     527    (-,-) 
  FA_CHAIN[2].fa/g21/Y    -       A1->Y R     OAI21X2        1  5.2    86    87     614    (-,-) 
  FA_CHAIN[2].fa/fopt64/Y -       A->Y  F     CLKINVX2       2  6.9    45    46     661    (-,-) 
  FA_CHAIN[3].fa/g21/Y    -       B->Y  R     NAND2X2        1  5.3    40    44     705    (-,-) 
  FA_CHAIN[3].fa/g20/Y    -       B->Y  F     NAND2X2        2  7.0    68    64     769    (-,-) 
  FA_CHAIN[4].fa/g34/Y    -       B->Y  R     NOR2X2         1  5.4    71    73     842    (-,-) 
  FA_CHAIN[4].fa/g33/Y    -       B->Y  F     NOR2X2         2  6.9    45    47     889    (-,-) 
  FA_CHAIN[5].fa/g21/Y    -       B->Y  R     NAND2X2        1  5.3    40    44     934    (-,-) 
  FA_CHAIN[5].fa/g20/Y    -       B->Y  F     NAND2X2        2  7.0    68    64     998    (-,-) 
  FA_CHAIN[6].fa/g34/Y    -       B->Y  R     NOR2X2         1  5.4    71    73    1071    (-,-) 
  FA_CHAIN[6].fa/g33/Y    -       B->Y  F     NOR2X2         2  6.9    45    47    1118    (-,-) 
  FA_CHAIN[7].fa/g62/Y    -       B->Y  R     NAND2X2        1  5.3    42    44    1162    (-,-) 
  FA_CHAIN[7].fa/g61/Y    -       B->Y  F     NAND2X2        2  6.9    68    64    1226    (-,-) 
  FA_CHAIN[8].fa/g28/Y    -       A1->Y R     OAI21X2        1  5.2    86    87    1313    (-,-) 
  FA_CHAIN[8].fa/fopt65/Y -       A->Y  F     CLKINVX2       2  6.9    45    46    1360    (-,-) 
  FA_CHAIN[9].fa/g70/Y    -       B->Y  R     NAND2X2        1  5.3    42    44    1404    (-,-) 
  FA_CHAIN[9].fa/g68/Y    -       B->Y  F     NAND2X2        2  6.9    67    64    1468    (-,-) 
  FA_CHAIN[10].fa/g13/Y   -       B->Y  R     NAND2X2        1  5.3    45    51    1519    (-,-) 
  FA_CHAIN[10].fa/g12/Y   -       B->Y  F     NAND2X2        2  6.9    67    64    1583    (-,-) 
  FA_CHAIN[11].fa/g28/Y   -       A1->Y R     OAI21X2        1  5.2    86    87    1670    (-,-) 
  FA_CHAIN[11].fa/fopt1/Y -       A->Y  F     CLKINVX2       2  6.9    45    46    1717    (-,-) 
  FA_CHAIN[12].fa/g23/Y   -       B->Y  R     NAND2X2        1  5.3    42    44    1761    (-,-) 
  FA_CHAIN[12].fa/g22/Y   -       B->Y  F     NAND2X2        2  6.9    67    64    1825    (-,-) 
  FA_CHAIN[13].fa/g21/Y   -       B->Y  R     NAND2X2        1  5.3    45    51    1876    (-,-) 
  FA_CHAIN[13].fa/g20/Y   -       B->Y  F     NAND2X2        2  6.9    67    64    1940    (-,-) 
  FA_CHAIN[14].fa/g28/Y   -       A1->Y R     OAI21X2        1  5.2    86    87    2028    (-,-) 
  FA_CHAIN[14].fa/fopt/Y  -       A->Y  F     INVX2          2  6.9    45    46    2074    (-,-) 
  FA_CHAIN[15].fa/g21/Y   -       B->Y  R     NAND2X2        1  5.3    40    44    2118    (-,-) 
  FA_CHAIN[15].fa/g20/Y   -       B->Y  F     NAND2X2        2  6.9    67    63    2182    (-,-) 
  FA_CHAIN[16].fa/g28/Y   -       A1->Y R     OAI21X2        1  5.2    86    87    2269    (-,-) 
  FA_CHAIN[16].fa/fopt/Y  -       A->Y  F     INVX2          2 12.6    60    63    2332    (-,-) 
  FA_CHAIN[17].fa/g21/Y   -       B->Y  R     NAND2X4        1 11.0    43    50    2381    (-,-) 
  FA_CHAIN[17].fa/g20/Y   -       B->Y  F     NAND2X4        2 12.5    65    62    2443    (-,-) 
  FA_CHAIN[18].fa/g38/Y   -       B->Y  R     NOR2X4         1 10.9    71    73    2516    (-,-) 
  FA_CHAIN[18].fa/g37/Y   -       B->Y  F     NOR2X4         2 12.6    50    46    2562    (-,-) 
  FA_CHAIN[19].fa/g66/Y   -       B->Y  R     NAND2X4        1 11.0    44    47    2608    (-,-) 
  FA_CHAIN[19].fa/g65/Y   -       B->Y  F     NAND2X4        2  6.9    48    50    2658    (-,-) 
  FA_CHAIN[20].fa/g13/Y   -       B->Y  R     NAND2X2        1  5.3    45    46    2703    (-,-) 
  FA_CHAIN[20].fa/g12/Y   -       B->Y  F     NAND2X2        2  7.0    68    65    2768    (-,-) 
  FA_CHAIN[21].fa/g65/Y   -       B->Y  R     NOR2X2         1  5.4    71    73    2841    (-,-) 
  FA_CHAIN[21].fa/g23/Y   -       B->Y  F     NOR2X2         2  6.9    45    47    2888    (-,-) 
  FA_CHAIN[22].fa/g23/Y   -       B->Y  R     NAND2X2        1  5.3    47    44    2933    (-,-) 
  FA_CHAIN[22].fa/g22/Y   -       B->Y  F     NAND2X2        2  6.9    68    65    2998    (-,-) 
  FA_CHAIN[23].fa/g23/Y   -       B->Y  R     NAND2X2        1  5.3    45    51    3049    (-,-) 
  FA_CHAIN[23].fa/g22/Y   -       B->Y  F     NAND2X2        2  7.0    68    65    3114    (-,-) 
  FA_CHAIN[24].fa/g65/Y   -       B->Y  R     NOR2X2         1  5.4    71    73    3187    (-,-) 
  FA_CHAIN[24].fa/g23/Y   -       B->Y  F     NOR2X2         2  7.1    45    48    3235    (-,-) 
  FA_CHAIN[25].fa/g16/Y   -       B->Y  R     NAND2X2        1  5.3    47    45    3279    (-,-) 
  FA_CHAIN[25].fa/g15/Y   -       B->Y  F     NAND2X2        2  7.1    69    66    3345    (-,-) 
  FA_CHAIN[26].fa/g27/Y   -       B->Y  R     NAND2X2        1  5.3    45    52    3396    (-,-) 
  FA_CHAIN[26].fa/g26/Y   -       B->Y  F     NAND2X2        2  7.1    69    65    3462    (-,-) 
  FA_CHAIN[27].fa/g66/Y   -       B->Y  R     NOR2X2         1  5.4    71    73    3535    (-,-) 
  FA_CHAIN[27].fa/g23/Y   -       B->Y  F     NOR2X2         2  7.1    45    48    3583    (-,-) 
  FA_CHAIN[28].fa/g25/Y   -       B->Y  R     NOR2X2         1  5.4    68    66    3649    (-,-) 
  FA_CHAIN[28].fa/g24/Y   -       B->Y  F     NOR2X2         2  6.9    45    47    3696    (-,-) 
  FA_CHAIN[29].fa/g15/Y   -       B->Y  R     NAND2X2        1  5.3    46    44    3740    (-,-) 
  FA_CHAIN[29].fa/g14/Y   -       B->Y  F     NAND2X2        2  6.9    68    65    3805    (-,-) 
  FA_CHAIN[30].fa/g62/Y   -       B->Y  R     NAND2X2        1 11.0    65    68    3874    (-,-) 
  FA_CHAIN[30].fa/g61/Y   -       B->Y  F     NAND2X4        3 15.8    76    74    3948    (-,-) 
  FA_CHAIN[31].fa/g37/Y   -       A->Y  R     CLKINVX2       1  5.4    42    49    3997    (-,-) 
  FA_CHAIN[31].fa/g33/Y   -       B1->Y F     OAI22X2        1 10.0   128    92    4089    (-,-) 
  sum[31]                 <<<     -     F     (port)         -    -     -     0    4089    (-,-) 
#------------------------------------------------------------------------------------------------

