============================================================
  Generated by:           Genus(TM) Synthesis Solution 21.14-s082_1
  Generated on:           Apr 17 2026  08:18:17 pm
  Module:                 CLA64
  Operating conditions:   slow (balanced_tree)
  Wireload mode:          enclosed
  Area mode:              timing library
============================================================

 Instance      Module      Cell Count  Cell Area  Net Area   Total Area   Wireload  
------------------------------------------------------------------------------------
CLA64                             669   3702.755     0.000     3702.755 <none> (D)  
  blk0     CLA16                  161    915.092     0.000      915.092 <none> (D)  
    grp0   CLA4                    34    198.308     0.000      198.308 <none> (D)  
      ini0 initialize               1     12.110     0.000       12.110 <none> (D)  
      ini1 initialize_126           4     15.895     0.000       15.895 <none> (D)  
      ini2 initialize_125           6     31.790     0.000       31.790 <none> (D)  
      ini3 initialize_124           3     12.867     0.000       12.867 <none> (D)  
    grp1   CLA4_30                 34    198.308     0.000      198.308 <none> (D)  
      ini0 initialize_123           1     12.110     0.000       12.110 <none> (D)  
      ini1 initialize_122           1     14.381     0.000       14.381 <none> (D)  
      ini2 initialize_121           4     19.679     0.000       19.679 <none> (D)  
      ini3 initialize_120           6     34.060     0.000       34.060 <none> (D)  
    grp2   CLA4_29                 41    230.855     0.000      230.855 <none> (D)  
      ini0 initialize_119           1     14.381     0.000       14.381 <none> (D)  
      ini1 initialize_118           6     34.060     0.000       34.060 <none> (D)  
      ini2 initialize_117           6     31.790     0.000       31.790 <none> (D)  
      ini3 initialize_116           6     34.060     0.000       34.060 <none> (D)  
    grp3   CLA4_28                 36    197.551     0.000      197.551 <none> (D)  
      ini0 initialize_115           1     12.110     0.000       12.110 <none> (D)  
      ini1 initialize_114           6     34.060     0.000       34.060 <none> (D)  
      ini2 initialize_113           6     25.735     0.000       25.735 <none> (D)  
      ini3 initialize_112           3     15.895     0.000       15.895 <none> (D)  
  blk1     CLA16_6                190    937.042     0.000      937.042 <none> (D)  
    grp0   CLA4_27                 35    171.059     0.000      171.059 <none> (D)  
      ini0 initialize_111           1     12.110     0.000       12.110 <none> (D)  
      ini1 initialize_110           4     15.138     0.000       15.138 <none> (D)  
      ini2 initialize_109           6     18.922     0.000       18.922 <none> (D)  
      ini3 initialize_108           4     19.679     0.000       19.679 <none> (D)  
    grp1   CLA4_26                 46    222.529     0.000      222.529 <none> (D)  
      ini0 initialize_107           4     14.381     0.000       14.381 <none> (D)  
      ini1 initialize_106           6     31.790     0.000       31.790 <none> (D)  
      ini2 initialize_105           6     33.304     0.000       33.304 <none> (D)  
      ini3 initialize_104           6     31.790     0.000       31.790 <none> (D)  
    grp2   CLA4_25                 44    221.015     0.000      221.015 <none> (D)  
      ini0 initialize_103           3     12.867     0.000       12.867 <none> (D)  
      ini1 initialize_102           3     12.867     0.000       12.867 <none> (D)  
      ini2 initialize_101           6     31.790     0.000       31.790 <none> (D)  
      ini3 initialize_100           6     33.304     0.000       33.304 <none> (D)  
    grp3   CLA4_24                 42    209.661     0.000      209.661 <none> (D)  
      ini0 initialize_99            1     12.110     0.000       12.110 <none> (D)  
      ini1 initialize_98            3     12.867     0.000       12.867 <none> (D)  
      ini2 initialize_97            6     28.005     0.000       28.005 <none> (D)  
      ini3 initialize_96            6     25.735     0.000       25.735 <none> (D)  
  blk2     CLA16_5                179    973.373     0.000      973.373 <none> (D)  
    grp0   CLA4_23                 36    199.065     0.000      199.065 <none> (D)  
      ini0 initialize_95            1     12.110     0.000       12.110 <none> (D)  
      ini1 initialize_94            6     23.464     0.000       23.464 <none> (D)  
      ini2 initialize_93            6     31.790     0.000       31.790 <none> (D)  
      ini3 initialize_92            3     15.895     0.000       15.895 <none> (D)  
    grp1   CLA4_22                 33    186.197     0.000      186.197 <none> (D)  
      ini0 initialize_91            1     12.110     0.000       12.110 <none> (D)  
      ini1 initialize_90            6     28.005     0.000       28.005 <none> (D)  
      ini2 initialize_89            3     12.867     0.000       12.867 <none> (D)  
      ini3 initialize_88            1     12.110     0.000       12.110 <none> (D)  
    grp2   CLA4_21                 45    247.506     0.000      247.506 <none> (D)  
      ini0 initialize_87            4     15.138     0.000       15.138 <none> (D)  
      ini1 initialize_86            6     23.464     0.000       23.464 <none> (D)  
      ini2 initialize_85            6     33.304     0.000       33.304 <none> (D)  
      ini3 initialize_84            1     14.381     0.000       14.381 <none> (D)  
    grp3   CLA4_20                 40    212.689     0.000      212.689 <none> (D)  
      ini0 initialize_83            3     12.110     0.000       12.110 <none> (D)  
      ini1 initialize_82            6     30.276     0.000       30.276 <none> (D)  
      ini2 initialize_81            6     31.790     0.000       31.790 <none> (D)  
      ini3 initialize_80            1     12.110     0.000       12.110 <none> (D)  
  blk3     CLA16_4                116    733.436     0.000      733.436 <none> (D)  
    grp0   CLA4_19                 21    133.214     0.000      133.214 <none> (D)  
      ini0 initialize_79            1     12.110     0.000       12.110 <none> (D)  
      ini1 initialize_78            1     12.110     0.000       12.110 <none> (D)  
      ini2 initialize_77            1     12.110     0.000       12.110 <none> (D)  
      ini3 initialize_76            1     12.110     0.000       12.110 <none> (D)  
    grp1   CLA4_18                 22    154.408     0.000      154.408 <none> (D)  
      ini0 initialize_75            1     12.110     0.000       12.110 <none> (D)  
      ini1 initialize_74            1     12.110     0.000       12.110 <none> (D)  
      ini2 initialize_73            1     12.110     0.000       12.110 <none> (D)  
      ini3 initialize_72            1     12.110     0.000       12.110 <none> (D)  
    grp2   CLA4_17                 31    178.628     0.000      178.628 <none> (D)  
      ini0 initialize_71            3     14.381     0.000       14.381 <none> (D)  
      ini1 initialize_70            4     21.950     0.000       21.950 <none> (D)  
      ini2 initialize_69            1     12.110     0.000       12.110 <none> (D)  
      ini3 initialize_68            1     12.110     0.000       12.110 <none> (D)  
    grp3   CLA4_16                 27    161.977     0.000      161.977 <none> (D)  
      ini0 initialize_67            1     12.110     0.000       12.110 <none> (D)  
      ini1 initialize_66            1     12.110     0.000       12.110 <none> (D)  
      ini2 initialize_65            1     12.110     0.000       12.110 <none> (D)  
      ini3 initialize_64            1     12.110     0.000       12.110 <none> (D)  
  (D) = wireload is default in technology library
