============================================================
  Generated by:           Genus(TM) Synthesis Solution 21.14-s082_1
  Generated on:           Apr 17 2026  08:18:17 pm
  Module:                 CLA64
  Operating conditions:   slow (balanced_tree)
  Wireload mode:          enclosed
  Area mode:              timing library
============================================================


Path 1: MET (0 ps) Late External Delay Assertion at pin S[35]
          Group: clk
     Startpoint: (R) A[21]
          Clock: (R) clk
       Endpoint: (F) S[35]
          Clock: (R) clk

                     Capture       Launch     
        Clock Edge:+    2000            0     
        Drv Adjust:+       0           48     
       Src Latency:+       0            0     
       Net Latency:+       0 (I)        0 (I) 
           Arrival:=    2000           48     
                                              
      Output Delay:-     200                  
     Required Time:=    1800                  
      Launch Clock:-      48                  
       Input Delay:-     200                  
         Data Path:-    1552                  
             Slack:=       0                  

Exceptions/Constraints:
  input_delay              200             SDC2.sdc_line_5_42_1  
  output_delay             200             SDC2.sdc_line_8_155_1 

#---------------------------------------------------------------------------------------------------
#       Timing Point         Flags   Arc   Edge   Cell     Fanout Load Trans Delay Arrival Instance 
#                                                                 (fF)  (ps)  (ps)   (ps)  Location 
#---------------------------------------------------------------------------------------------------
  A[21]                      -       -     R     (arrival)      2  8.2    78     0     248    (-,-) 
  blk1/grp1/ini1/g32/Y       (P)     A->Y  F     CLKINVX1       1  5.3    54    57     305    (-,-) 
  blk1/grp1/ini1/g30__8428/Y (P)     B->Y  R     NAND2X2        1  5.4    41    48     353    (-,-) 
  blk1/grp1/ini1/g29__4319/Y (P)     B->Y  R     AND2X6         6 15.0    61   149     502    (-,-) 
  blk1/grp1/g58__7482/Y      (P)     A->Y  F     NAND2X1        1  5.4   100    89     592    (-,-) 
  blk1/grp1/g56__1881/Y      (P)     B->Y  R     NOR2X2         3 10.9   115   112     704    (-,-) 
  blk1/g41__2346/Y           (P)     A->Y  F     NAND2X2        1  5.4    73    73     777    (-,-) 
  blk1/g39__9945/Y           (P)     B->Y  R     NOR2X2         2  4.5    65    70     847    (-,-) 
  fopt3/Y                    (P)     A->Y  F     CLKINVX1       2  8.6    71    69     916    (-,-) 
  fopt2/Y                    (P)     A->Y  R     CLKINVX1       3  6.0    64    70     986    (-,-) 
  fopt1/Y                    (P)     A->Y  F     CLKINVX1       1 11.0    86    80    1066    (-,-) 
  g69__5122/Y                (P)     A0->Y R     OAI21X4        4 20.4   123   126    1192    (-,-) 
  blk2/grp0/g129__5526/Y     (P)     A->Y  F     NAND2X1        3  6.3   112   110    1302    (-,-) 
  blk2/grp0/g2/Y             (P)     AN->Y F     NAND3BX1       1  2.9   108   179    1481    (-,-) 
  blk2/grp0/g122__5477/Y     (P)     D->Y  R     NAND4BX1       1  3.6    80    77    1558    (-,-) 
  blk2/grp0/g120__7410/Y     (P)     B->Y  F     CLKXOR2X1      1 10.0   109   242    1800    (-,-) 
  S[35]                      <<<     -     F     (port)         -    -     -     0    1800    (-,-) 
#---------------------------------------------------------------------------------------------------

(P) : Instance is preserved

