============================================================
  Generated by:           Genus(TM) Synthesis Solution 21.14-s082_1
  Generated on:           Apr 17 2026  07:31:40 pm
  Module:                 RCA64
  Operating conditions:   slow (balanced_tree)
  Wireload mode:          enclosed
  Area mode:              timing library
============================================================

     Instance         Module      Cell Count  Cell Area  Net Area   Total Area   Wireload  
-------------------------------------------------------------------------------------------
RCA64                                    584   3415.890     0.000     3415.890 <none> (D)  
  FA_CHAIN[0].fa  full_adder               9     52.983     0.000       52.983 <none> (D)  
  FA_CHAIN[1].fa  full_adder_126           8     49.955     0.000       49.955 <none> (D)  
  FA_CHAIN[2].fa  full_adder_125           8     56.767     0.000       56.767 <none> (D)  
  FA_CHAIN[3].fa  full_adder_124           9     53.740     0.000       53.740 <none> (D)  
  FA_CHAIN[4].fa  full_adder_123          11     61.309     0.000       61.309 <none> (D)  
  FA_CHAIN[5].fa  full_adder_122          11     48.442     0.000       48.442 <none> (D)  
  FA_CHAIN[6].fa  full_adder_121           8     54.497     0.000       54.497 <none> (D)  
  FA_CHAIN[7].fa  full_adder_120          12     62.066     0.000       62.066 <none> (D)  
  FA_CHAIN[8].fa  full_adder_119          11     56.011     0.000       56.011 <none> (D)  
  FA_CHAIN[9].fa  full_adder_118           8     53.740     0.000       53.740 <none> (D)  
  FA_CHAIN[10].fa full_adder_117           9     62.823     0.000       62.823 <none> (D)  
  FA_CHAIN[11].fa full_adder_116           8     52.226     0.000       52.226 <none> (D)  
  FA_CHAIN[12].fa full_adder_115           9     61.309     0.000       61.309 <none> (D)  
  FA_CHAIN[13].fa full_adder_114           7     57.524     0.000       57.524 <none> (D)  
  FA_CHAIN[14].fa full_adder_113          10     56.011     0.000       56.011 <none> (D)  
  FA_CHAIN[15].fa full_adder_112           9     45.414     0.000       45.414 <none> (D)  
  FA_CHAIN[16].fa full_adder_111           9     51.469     0.000       51.469 <none> (D)  
  FA_CHAIN[17].fa full_adder_110          11     48.442     0.000       48.442 <none> (D)  
  FA_CHAIN[18].fa full_adder_109          11     56.011     0.000       56.011 <none> (D)  
  FA_CHAIN[19].fa full_adder_108           9     56.011     0.000       56.011 <none> (D)  
  FA_CHAIN[20].fa full_adder_107           9     59.795     0.000       59.795 <none> (D)  
  FA_CHAIN[21].fa full_adder_106          10     56.011     0.000       56.011 <none> (D)  
  FA_CHAIN[22].fa full_adder_105          11     56.011     0.000       56.011 <none> (D)  
  FA_CHAIN[23].fa full_adder_104           8     60.552     0.000       60.552 <none> (D)  
  FA_CHAIN[24].fa full_adder_103          10     55.254     0.000       55.254 <none> (D)  
  FA_CHAIN[25].fa full_adder_102           9     45.414     0.000       45.414 <none> (D)  
  FA_CHAIN[26].fa full_adder_101           9     45.414     0.000       45.414 <none> (D)  
  FA_CHAIN[27].fa full_adder_100          10     53.740     0.000       53.740 <none> (D)  
  FA_CHAIN[28].fa full_adder_99           11     46.928     0.000       46.928 <none> (D)  
  FA_CHAIN[29].fa full_adder_98           11     56.011     0.000       56.011 <none> (D)  
  FA_CHAIN[30].fa full_adder_97            8     56.011     0.000       56.011 <none> (D)  
  FA_CHAIN[31].fa full_adder_96            8     54.497     0.000       54.497 <none> (D)  
  FA_CHAIN[32].fa full_adder_95            8     52.226     0.000       52.226 <none> (D)  
  FA_CHAIN[33].fa full_adder_94            8     60.552     0.000       60.552 <none> (D)  
  FA_CHAIN[34].fa full_adder_93            8     57.524     0.000       57.524 <none> (D)  
  FA_CHAIN[35].fa full_adder_92            9     45.414     0.000       45.414 <none> (D)  
  FA_CHAIN[36].fa full_adder_91            9     59.038     0.000       59.038 <none> (D)  
  FA_CHAIN[37].fa full_adder_90           11     48.442     0.000       48.442 <none> (D)  
  FA_CHAIN[38].fa full_adder_89           10     53.740     0.000       53.740 <none> (D)  
  FA_CHAIN[39].fa full_adder_88           11     48.442     0.000       48.442 <none> (D)  
  FA_CHAIN[40].fa full_adder_87            9     54.497     0.000       54.497 <none> (D)  
  FA_CHAIN[41].fa full_adder_86            9     55.254     0.000       55.254 <none> (D)  
  FA_CHAIN[42].fa full_adder_85            9     55.254     0.000       55.254 <none> (D)  
  FA_CHAIN[43].fa full_adder_84           10     55.254     0.000       55.254 <none> (D)  
  FA_CHAIN[44].fa full_adder_83           12     59.038     0.000       59.038 <none> (D)  
  FA_CHAIN[45].fa full_adder_82            9     55.254     0.000       55.254 <none> (D)  
  FA_CHAIN[46].fa full_adder_81            9     54.497     0.000       54.497 <none> (D)  
  FA_CHAIN[47].fa full_adder_80           10     47.685     0.000       47.685 <none> (D)  
  FA_CHAIN[48].fa full_adder_79            9     45.414     0.000       45.414 <none> (D)  
  FA_CHAIN[49].fa full_adder_78            8     57.524     0.000       57.524 <none> (D)  
  FA_CHAIN[50].fa full_adder_77            9     45.414     0.000       45.414 <none> (D)  
  FA_CHAIN[51].fa full_adder_76            8     57.524     0.000       57.524 <none> (D)  
  FA_CHAIN[52].fa full_adder_75           10     46.171     0.000       46.171 <none> (D)  
  FA_CHAIN[53].fa full_adder_74           10     66.607     0.000       66.607 <none> (D)  
  FA_CHAIN[54].fa full_adder_73            8     57.524     0.000       57.524 <none> (D)  
  FA_CHAIN[55].fa full_adder_72            9     56.011     0.000       56.011 <none> (D)  
  FA_CHAIN[56].fa full_adder_71            9     56.011     0.000       56.011 <none> (D)  
  FA_CHAIN[57].fa full_adder_70            7     46.171     0.000       46.171 <none> (D)  
  FA_CHAIN[58].fa full_adder_69            6     43.143     0.000       43.143 <none> (D)  
  FA_CHAIN[59].fa full_adder_68            6     45.414     0.000       45.414 <none> (D)  
  FA_CHAIN[60].fa full_adder_67            9     46.171     0.000       46.171 <none> (D)  
  FA_CHAIN[61].fa full_adder_66            9     49.199     0.000       49.199 <none> (D)  
  FA_CHAIN[62].fa full_adder_65            7     52.983     0.000       52.983 <none> (D)  
  FA_CHAIN[63].fa full_adder_64            8     40.116     0.000       40.116 <none> (D)  
  (D) = wireload is default in technology library
